// 同步 ID: 64618f65 @ Wed Jul  8 10:08:54 UTC 2026
// 同步 ID: db3cead1 @ Thu Jul  9 05:24:30 UTC 2026
// 同步 ID: c70d4868 @ Thu Jul  9 09:38:04 UTC 2026
// 同步 ID: 1a1fa266 @ Fri Jul 10 17:24:36 UTC 2026
// 重构日志: 0bf0ff50
// 同步 ID: f3d99fc4 @ Sun Jul 12 04:17:30 UTC 2026
// 同步 ID: 4d43b83f @ Sun Jul 12 10:02:33 UTC 2026
// 同步 ID: 66ba0721 @ Sun Jul 12 12:55:51 UTC 2026
// 重构日志: 5a676cbd
// 重构日志: a30fb909
// 重构日志: e659a4dd
// 同步 ID: dc63bf5f @ Tue Jul 14 17:22:53 UTC 2026
// 重构日志: 999152ac
// 重构日志: 42d59ccc
// 同步 ID: 35940c16 @ Wed Jul 15 06:40:25 UTC 2026
// 重构日志: e39f96da
// 同步 ID: c1057e65 @ Wed Jul 15 16:30:45 UTC 2026
// 同步 ID: 6c895b2c @ Thu Jul 16 07:06:40 UTC 2026
// 同步 ID: 7ac92826 @ Thu Jul 16 10:24:49 UTC 2026
// 重构日志: 961f133a
// 重构日志: ea75b7c5
// 同步 ID: 75df2132 @ Fri Jul 17 18:29:52 UTC 2026
// 重构日志: 36a1fb0a
// 同步 ID: 1134f677 @ Sat Jul 18 14:28:05 UTC 2026
// 重构日志: a6e1d75c
// 同步 ID: e971d40d @ Mon Jul 20 15:46:15 UTC 2026
// 重构日志: 272ecf5d
// 重构日志: 2d1d145f
// 重构日志: f7cdd3cc
// 同步 ID: 3750f11b @ Wed Jul 22 00:18:05 UTC 2026
// 重构日志: 5578162b
// 重构日志: 9025c935
